{"C:\\Users\\roman\\OneDrive\\Робочий стол\\Jest2\\multiply.js": {"path":"C:\\Users\\roman\\OneDrive\\Робочий стол\\Jest2\\multiply.js","statementMap":{"0":{"start":{"line":1,"column":17},"end":{"line":1,"column":462}},"1":{"start":{"line":1,"column":37},"end":{"line":1,"column":38}},"2":{"start":{"line":1,"column":50},"end":{"line":1,"column":66}},"3":{"start":{"line":1,"column":72},"end":{"line":1,"column":77}},"4":{"start":{"line":1,"column":79},"end":{"line":1,"column":98}},"5":{"start":{"line":1,"column":109},"end":{"line":1,"column":125}},"6":{"start":{"line":1,"column":131},"end":{"line":1,"column":136}},"7":{"start":{"line":1,"column":138},"end":{"line":1,"column":157}},"8":{"start":{"line":1,"column":168},"end":{"line":1,"column":197}},"9":{"start":{"line":1,"column":199},"end":{"line":1,"column":223}},"10":{"start":{"line":1,"column":214},"end":{"line":1,"column":223}},"11":{"start":{"line":1,"column":224},"end":{"line":1,"column":246}},"12":{"start":{"line":1,"column":237},"end":{"line":1,"column":246}},"13":{"start":{"line":1,"column":257},"end":{"line":1,"column":265}},"14":{"start":{"line":1,"column":271},"end":{"line":1,"column":284}},"15":{"start":{"line":1,"column":290},"end":{"line":1,"column":302}},"16":{"start":{"line":1,"column":308},"end":{"line":1,"column":346}},"17":{"start":{"line":1,"column":352},"end":{"line":1,"column":368}},"18":{"start":{"line":1,"column":378},"end":{"line":1,"column":391}},"19":{"start":{"line":1,"column":393},"end":{"line":1,"column":460}},"20":{"start":{"line":1,"column":487},"end":{"line":1,"column":624}},"21":{"start":{"line":1,"column":509},"end":{"line":1,"column":524}},"22":{"start":{"line":1,"column":530},"end":{"line":1,"column":558}},"23":{"start":{"line":1,"column":564},"end":{"line":1,"column":579}},"24":{"start":{"line":1,"column":581},"end":{"line":1,"column":622}},"25":{"start":{"line":1,"column":642},"end":{"line":1,"column":880}},"26":{"start":{"line":1,"column":659},"end":{"line":1,"column":673}},"27":{"start":{"line":1,"column":683},"end":{"line":1,"column":684}},"28":{"start":{"line":1,"column":690},"end":{"line":1,"column":691}},"29":{"start":{"line":1,"column":693},"end":{"line":1,"column":780}},"30":{"start":{"line":1,"column":719},"end":{"line":1,"column":732}},"31":{"start":{"line":1,"column":734},"end":{"line":1,"column":778}},"32":{"start":{"line":1,"column":781},"end":{"line":1,"column":878}},"33":{"start":{"line":1,"column":895},"end":{"line":1,"column":1000}},"34":{"start":{"line":1,"column":910},"end":{"line":1,"column":918}},"35":{"start":{"line":1,"column":920},"end":{"line":1,"column":977}},"36":{"start":{"line":1,"column":933},"end":{"line":1,"column":938}},"37":{"start":{"line":1,"column":971},"end":{"line":1,"column":977}},"38":{"start":{"line":1,"column":978},"end":{"line":1,"column":998}},"39":{"start":{"line":1,"column":1017},"end":{"line":1,"column":1157}},"40":{"start":{"line":1,"column":1034},"end":{"line":1,"column":1042}},"41":{"start":{"line":1,"column":1052},"end":{"line":1,"column":1053}},"42":{"start":{"line":1,"column":1055},"end":{"line":1,"column":1111}},"43":{"start":{"line":1,"column":1068},"end":{"line":1,"column":1069}},"44":{"start":{"line":1,"column":1112},"end":{"line":1,"column":1155}},"45":{"start":{"line":1,"column":1172},"end":{"line":1,"column":1249}},"46":{"start":{"line":1,"column":1194},"end":{"line":1,"column":1206}},"47":{"start":{"line":1,"column":1208},"end":{"line":1,"column":1247}},"48":{"start":{"line":3,"column":0},"end":{"line":3,"column":34}}},"fnMap":{"0":{"name":"(anonymous_0)","decl":{"start":{"line":1,"column":17},"end":{"line":1,"column":18}},"loc":{"start":{"line":1,"column":27},"end":{"line":1,"column":462}},"line":1},"1":{"name":"(anonymous_1)","decl":{"start":{"line":1,"column":487},"end":{"line":1,"column":488}},"loc":{"start":{"line":1,"column":497},"end":{"line":1,"column":624}},"line":1},"2":{"name":"(anonymous_2)","decl":{"start":{"line":1,"column":642},"end":{"line":1,"column":643}},"loc":{"start":{"line":1,"column":647},"end":{"line":1,"column":880}},"line":1},"3":{"name":"(anonymous_3)","decl":{"start":{"line":1,"column":895},"end":{"line":1,"column":896}},"loc":{"start":{"line":1,"column":900},"end":{"line":1,"column":1000}},"line":1},"4":{"name":"(anonymous_4)","decl":{"start":{"line":1,"column":1017},"end":{"line":1,"column":1018}},"loc":{"start":{"line":1,"column":1022},"end":{"line":1,"column":1157}},"line":1},"5":{"name":"(anonymous_5)","decl":{"start":{"line":1,"column":1172},"end":{"line":1,"column":1173}},"loc":{"start":{"line":1,"column":1182},"end":{"line":1,"column":1249}},"line":1}},"branchMap":{"0":{"loc":{"start":{"line":1,"column":199},"end":{"line":1,"column":223}},"type":"if","locations":[{"start":{"line":1,"column":199},"end":{"line":1,"column":223}},{"start":{},"end":{}}],"line":1},"1":{"loc":{"start":{"line":1,"column":224},"end":{"line":1,"column":246}},"type":"if","locations":[{"start":{"line":1,"column":224},"end":{"line":1,"column":246}},{"start":{},"end":{}}],"line":1},"2":{"loc":{"start":{"line":1,"column":400},"end":{"line":1,"column":443}},"type":"binary-expr","locations":[{"start":{"line":1,"column":400},"end":{"line":1,"column":419}},{"start":{"line":1,"column":424},"end":{"line":1,"column":442}}],"line":1},"3":{"loc":{"start":{"line":1,"column":530},"end":{"line":1,"column":558}},"type":"cond-expr","locations":[{"start":{"line":1,"column":534},"end":{"line":1,"column":554}},{"start":{"line":1,"column":557},"end":{"line":1,"column":558}}],"line":1},"4":{"loc":{"start":{"line":1,"column":593},"end":{"line":1,"column":621}},"type":"cond-expr","locations":[{"start":{"line":1,"column":597},"end":{"line":1,"column":617}},{"start":{"line":1,"column":620},"end":{"line":1,"column":621}}],"line":1},"5":{"loc":{"start":{"line":1,"column":693},"end":{"line":1,"column":780}},"type":"if","locations":[{"start":{"line":1,"column":693},"end":{"line":1,"column":780}},{"start":{},"end":{}}],"line":1},"6":{"loc":{"start":{"line":1,"column":788},"end":{"line":1,"column":850}},"type":"binary-expr","locations":[{"start":{"line":1,"column":789},"end":{"line":1,"column":803}},{"start":{"line":1,"column":807},"end":{"line":1,"column":821}},{"start":{"line":1,"column":825},"end":{"line":1,"column":837}},{"start":{"line":1,"column":843},"end":{"line":1,"column":849}}],"line":1},"7":{"loc":{"start":{"line":1,"column":940},"end":{"line":1,"column":962}},"type":"binary-expr","locations":[{"start":{"line":1,"column":940},"end":{"line":1,"column":946}},{"start":{"line":1,"column":950},"end":{"line":1,"column":962}}],"line":1},"8":{"loc":{"start":{"line":1,"column":1071},"end":{"line":1,"column":1101}},"type":"binary-expr","locations":[{"start":{"line":1,"column":1071},"end":{"line":1,"column":1076}},{"start":{"line":1,"column":1081},"end":{"line":1,"column":1100}}],"line":1},"9":{"loc":{"start":{"line":1,"column":1123},"end":{"line":1,"column":1143}},"type":"cond-expr","locations":[{"start":{"line":1,"column":1138},"end":{"line":1,"column":1139}},{"start":{"line":1,"column":1142},"end":{"line":1,"column":1143}}],"line":1}},"s":{"0":1,"1":4,"2":4,"3":4,"4":4,"5":4,"6":4,"7":4,"8":4,"9":4,"10":0,"11":4,"12":0,"13":4,"14":4,"15":4,"16":4,"17":4,"18":4,"19":4,"20":1,"21":0,"22":0,"23":0,"24":0,"25":1,"26":8,"27":8,"28":8,"29":8,"30":7,"31":7,"32":8,"33":1,"34":15,"35":15,"36":15,"37":4,"38":15,"39":1,"40":4,"41":4,"42":4,"43":4,"44":4,"45":1,"46":4,"47":4,"48":1},"f":{"0":4,"1":0,"2":8,"3":15,"4":4,"5":4},"b":{"0":[0,4],"1":[0,4],"2":[4,0],"3":[0,0],"4":[0,0],"5":[7,1],"6":[8,8,0,0],"7":[19,19],"8":[9,9],"9":[3,1]},"_coverageSchema":"1a1c01bbd47fc00a2c39e90264f33305004495a9","hash":"85e6604ae9c00e1b62754878a6fbdc754efe7916"}
}
