TN:
SF:multiply.js
FN:1,(anonymous_0)
FN:1,(anonymous_1)
FN:1,(anonymous_2)
FN:1,(anonymous_3)
FN:1,(anonymous_4)
FN:1,(anonymous_5)
FNF:6
FNH:5
FNDA:4,(anonymous_0)
FNDA:0,(anonymous_1)
FNDA:8,(anonymous_2)
FNDA:15,(anonymous_3)
FNDA:4,(anonymous_4)
FNDA:4,(anonymous_5)
DA:1,15
DA:3,1
LF:2
LH:2
BRDA:1,0,0,0
BRDA:1,0,1,4
BRDA:1,1,0,0
BRDA:1,1,1,4
BRDA:1,2,0,4
BRDA:1,2,1,0
BRDA:1,3,0,0
BRDA:1,3,1,0
BRDA:1,4,0,0
BRDA:1,4,1,0
BRDA:1,5,0,7
BRDA:1,5,1,1
BRDA:1,6,0,8
BRDA:1,6,1,8
BRDA:1,6,2,0
BRDA:1,6,3,0
BRDA:1,7,0,19
BRDA:1,7,1,19
BRDA:1,8,0,9
BRDA:1,8,1,9
BRDA:1,9,0,3
BRDA:1,9,1,1
BRF:22
BRH:13
end_of_record
